<?xml version="1.0" encoding="UTF-8"?>
<!-- Generated by org.testng.reporters.JUnitXMLReporter -->
<testsuite ignored="0" hostname="DESKTOP-L3L49C0" failures="0" tests="12" name="CompSci from main page" time="4.535" errors="0" timestamp="2025-11-23T15:57:38 CST">
  <testcase classname="testing.demo.tamut.demo.ComputerScienceFromMainPage" name="testUnderGradProgram" time="0.033"/>
  <testcase classname="testing.demo.tamut.demo.ComputerScienceFromMainPage" name="testGradProgram" time="0.02"/>
  <testcase classname="testing.demo.tamut.demo.ComputerScienceFromMainPage" name="testDoctorateProgram" time="0.02"/>
  <testcase classname="testing.demo.tamut.demo.ComputerScienceFromMainPage" name="testOnlineProgram" time="0.018"/>
  <testcase classname="testing.demo.tamut.demo.ComputerScienceFromMainPage" name="testAccreditation" time="0.341"/>
  <testcase classname="testing.demo.tamut.demo.ComputerScienceFromMainPage" name="testFaculty" time="0.023"/>
  <testcase classname="testing.demo.tamut.demo.ComputerScienceFromMainPage" name="testApplyHere" time="0.017"/>
  <testcase classname="testing.demo.tamut.demo.ComputerScienceFromMainPage" name="testVisitUs" time="0.573"/>
  <testcase classname="testing.demo.tamut.demo.ComputerScienceFromMainPage" name="testVisitUsUpcomingEVents" time="0.019"/>
  <testcase classname="testing.demo.tamut.demo.ComputerScienceFromMainPage" name="testVisitUsScheduleATour" time="0.018"/>
  <testcase classname="testing.demo.tamut.demo.ComputerScienceFromMainPage" name="testVisitUsVirtualTour" time="0.017"/>
  <testcase classname="testing.demo.tamut.demo.ComputerScienceFromMainPage" name="testVisitUsTitle" time="0.004"/>
</testsuite> <!-- CompSci from main page -->
