<?xml version="1.0" encoding="UTF-8"?>
<!-- Generated by org.testng.reporters.JUnitXMLReporter -->
<testsuite ignored="0" hostname="DESKTOP-L3L49C0" failures="0" tests="12" name="CompSci from main page" time="4.557" errors="0" timestamp="2025-11-23T16:25:51 CST">
  <testcase classname="testing.demo.tamut.demo.ComputerScienceFromMainPage" name="testUnderGradProgram" time="0.049"/>
  <testcase classname="testing.demo.tamut.demo.ComputerScienceFromMainPage" name="testGradProgram" time="0.03"/>
  <testcase classname="testing.demo.tamut.demo.ComputerScienceFromMainPage" name="testDoctorateProgram" time="0.026"/>
  <testcase classname="testing.demo.tamut.demo.ComputerScienceFromMainPage" name="testOnlineProgram" time="0.03"/>
  <testcase classname="testing.demo.tamut.demo.ComputerScienceFromMainPage" name="testAccreditation" time="0.387"/>
  <testcase classname="testing.demo.tamut.demo.ComputerScienceFromMainPage" name="testFaculty" time="0.027"/>
  <testcase classname="testing.demo.tamut.demo.ComputerScienceFromMainPage" name="testApplyHere" time="0.025"/>
  <testcase classname="testing.demo.tamut.demo.ComputerScienceFromMainPage" name="testVisitUs" time="0.561"/>
  <testcase classname="testing.demo.tamut.demo.ComputerScienceFromMainPage" name="testVisitUsUpcomingEVents" time="0.026"/>
  <testcase classname="testing.demo.tamut.demo.ComputerScienceFromMainPage" name="testVisitUsScheduleATour" time="0.02"/>
  <testcase classname="testing.demo.tamut.demo.ComputerScienceFromMainPage" name="testVisitUsVirtualTour" time="0.022"/>
  <testcase classname="testing.demo.tamut.demo.ComputerScienceFromMainPage" name="testVisitUsTitle" time="0.004"/>
</testsuite> <!-- CompSci from main page -->
