<?xml version="1.0" encoding="UTF-8"?>
<!-- Generated by org.testng.reporters.JUnitXMLReporter -->
<testsuite ignored="0" hostname="DESKTOP-L3L49C0" failures="0" tests="8" name="CSfromSearch" time="4.043" errors="0" timestamp="2025-11-23T16:25:30 CST">
  <testcase classname="testing.demo.tamut.demo.ComputerScienceSearch" name="testAccreditation" time="0.031"/>
  <testcase classname="testing.demo.tamut.demo.ComputerScienceSearch" name="testApplyHere" time="0.026"/>
  <testcase classname="testing.demo.tamut.demo.ComputerScienceSearch" name="testFaculty" time="0.03"/>
  <testcase classname="testing.demo.tamut.demo.ComputerScienceSearch" name="testVisitUs" time="0.563"/>
  <testcase classname="testing.demo.tamut.demo.ComputerScienceSearch" name="testVisitUsScheduleATour" time="0.03"/>
  <testcase classname="testing.demo.tamut.demo.ComputerScienceSearch" name="testVisitUsTitle" time="0.007"/>
  <testcase classname="testing.demo.tamut.demo.ComputerScienceSearch" name="testVisitUsUpcomingEVents" time="0.021"/>
  <testcase classname="testing.demo.tamut.demo.ComputerScienceSearch" name="testVisitUsVirtualTour" time="0.02"/>
</testsuite> <!-- CSfromSearch -->
