<?xml version="1.0" encoding="UTF-8"?>
<!-- Generated by org.testng.reporters.JUnitXMLReporter -->
<testsuite ignored="0" hostname="DESKTOP-L3L49C0" failures="0" tests="7" name="Alumni to Womens page" time="3.6" errors="0" timestamp="2025-11-23T16:26:29 CST">
  <testcase classname="testing.demo.tamut.demo.TestFromAlumniToWomensPage" name="testOrderBrickLink" time="0.043"/>
  <testcase classname="testing.demo.tamut.demo.TestFromAlumniToWomensPage" name="testJoinAlumniLink" time="0.03"/>
  <testcase classname="testing.demo.tamut.demo.TestFromAlumniToWomensPage" name="testUpdateAlumniLink" time="0.031"/>
  <testcase classname="testing.demo.tamut.demo.TestFromAlumniToWomensPage" name="testSearchWomen" time="0.34"/>
  <testcase classname="testing.demo.tamut.demo.TestFromAlumniToWomensPage" name="testJoinWomenLink" time="0.029"/>
  <testcase classname="testing.demo.tamut.demo.TestFromAlumniToWomensPage" name="testWomenforAMLink" time="0.017"/>
  <testcase classname="testing.demo.tamut.demo.TestFromAlumniToWomensPage" name="testVisitUsTitle" time="0.009"/>
</testsuite> <!-- Alumni to Womens page -->
