<?xml version="1.0" encoding="UTF-8"?>
<testng-results ignored="0" total="7" passed="7" failed="0" skipped="0">
  <reporter-output>
  </reporter-output>
  <suite started-at="2025-11-23T15:37:39 CST" name="Default suite" finished-at="2025-11-23T15:37:43 CST" duration-ms="3283">
    <groups>
    </groups>
    <test started-at="2025-11-23T15:37:39 CST" name="Default test" finished-at="2025-11-23T15:37:43 CST" duration-ms="3283">
      <class name="testing.demo.tamut.demo.TestFromAlumniToWomensPage">
        <test-method is-config="true" signature="setupClass()[pri:0, instance:testing.demo.tamut.demo.TestFromAlumniToWomensPage@4a83a74a]" started-at="2025-11-23T15:37:39 CST" name="setupClass" finished-at="2025-11-23T15:37:42 CST" duration-ms="2640" status="PASS">
          <reporter-output>
          </reporter-output>
        </test-method> <!-- setupClass -->
        <test-method signature="testOrderBrickLink()[pri:1, instance:testing.demo.tamut.demo.TestFromAlumniToWomensPage@4a83a74a]" started-at="2025-11-23T15:37:42 CST" name="testOrderBrickLink" finished-at="2025-11-23T15:37:42 CST" duration-ms="37" status="PASS">
          <reporter-output>
          </reporter-output>
        </test-method> <!-- testOrderBrickLink -->
        <test-method signature="testJoinAlumniLink()[pri:2, instance:testing.demo.tamut.demo.TestFromAlumniToWomensPage@4a83a74a]" started-at="2025-11-23T15:37:42 CST" name="testJoinAlumniLink" finished-at="2025-11-23T15:37:42 CST" duration-ms="23" status="PASS">
          <reporter-output>
          </reporter-output>
        </test-method> <!-- testJoinAlumniLink -->
        <test-method signature="testUpdateAlumniLink()[pri:3, instance:testing.demo.tamut.demo.TestFromAlumniToWomensPage@4a83a74a]" started-at="2025-11-23T15:37:42 CST" name="testUpdateAlumniLink" finished-at="2025-11-23T15:37:42 CST" duration-ms="19" status="PASS">
          <reporter-output>
          </reporter-output>
        </test-method> <!-- testUpdateAlumniLink -->
        <test-method signature="testSearchWomen()[pri:4, instance:testing.demo.tamut.demo.TestFromAlumniToWomensPage@4a83a74a]" started-at="2025-11-23T15:37:42 CST" name="testSearchWomen" finished-at="2025-11-23T15:37:43 CST" duration-ms="304" status="PASS">
          <reporter-output>
          </reporter-output>
        </test-method> <!-- testSearchWomen -->
        <test-method signature="testJoinWomenLink()[pri:5, instance:testing.demo.tamut.demo.TestFromAlumniToWomensPage@4a83a74a]" started-at="2025-11-23T15:37:43 CST" name="testJoinWomenLink" finished-at="2025-11-23T15:37:43 CST" duration-ms="23" status="PASS">
          <reporter-output>
          </reporter-output>
        </test-method> <!-- testJoinWomenLink -->
        <test-method signature="testWomenforAMLink()[pri:6, instance:testing.demo.tamut.demo.TestFromAlumniToWomensPage@4a83a74a]" started-at="2025-11-23T15:37:43 CST" name="testWomenforAMLink" finished-at="2025-11-23T15:37:43 CST" duration-ms="13" status="PASS">
          <reporter-output>
          </reporter-output>
        </test-method> <!-- testWomenforAMLink -->
        <test-method signature="testVisitUsTitle()[pri:7, instance:testing.demo.tamut.demo.TestFromAlumniToWomensPage@4a83a74a]" started-at="2025-11-23T15:37:43 CST" name="testVisitUsTitle" finished-at="2025-11-23T15:37:43 CST" duration-ms="5" status="PASS">
          <reporter-output>
          </reporter-output>
        </test-method> <!-- testVisitUsTitle -->
        <test-method is-config="true" signature="tearDownClass()[pri:0, instance:testing.demo.tamut.demo.TestFromAlumniToWomensPage@4a83a74a]" started-at="2025-11-23T15:37:43 CST" name="tearDownClass" finished-at="2025-11-23T15:37:43 CST" duration-ms="180" status="PASS">
          <reporter-output>
          </reporter-output>
        </test-method> <!-- tearDownClass -->
      </class> <!-- testing.demo.tamut.demo.TestFromAlumniToWomensPage -->
    </test> <!-- Default test -->
  </suite> <!-- Default suite -->
</testng-results>
