<?xml version="1.0" encoding="UTF-8"?>
<testng-results ignored="0" total="7" passed="7" failed="0" skipped="0">
  <reporter-output>
  </reporter-output>
  <suite started-at="2025-11-23T15:58:12 CST" name="Test Case 5" finished-at="2025-11-23T15:58:16 CST" duration-ms="3289">
    <groups>
    </groups>
    <test started-at="2025-11-23T15:58:12 CST" name="Alumni to Womens page" finished-at="2025-11-23T15:58:16 CST" duration-ms="3289">
      <class name="testing.demo.tamut.demo.TestFromAlumniToWomensPage">
        <test-method is-config="true" signature="setupClass()[pri:0, instance:testing.demo.tamut.demo.TestFromAlumniToWomensPage@6bbe85a8]" started-at="2025-11-23T15:58:12 CST" name="setupClass" finished-at="2025-11-23T15:58:15 CST" duration-ms="2695" status="PASS">
          <reporter-output>
          </reporter-output>
        </test-method> <!-- setupClass -->
        <test-method signature="testOrderBrickLink()[pri:1, instance:testing.demo.tamut.demo.TestFromAlumniToWomensPage@6bbe85a8]" started-at="2025-11-23T15:58:15 CST" name="testOrderBrickLink" finished-at="2025-11-23T15:58:15 CST" duration-ms="35" status="PASS">
          <reporter-output>
          </reporter-output>
        </test-method> <!-- testOrderBrickLink -->
        <test-method signature="testJoinAlumniLink()[pri:2, instance:testing.demo.tamut.demo.TestFromAlumniToWomensPage@6bbe85a8]" started-at="2025-11-23T15:58:15 CST" name="testJoinAlumniLink" finished-at="2025-11-23T15:58:15 CST" duration-ms="24" status="PASS">
          <reporter-output>
          </reporter-output>
        </test-method> <!-- testJoinAlumniLink -->
        <test-method signature="testUpdateAlumniLink()[pri:3, instance:testing.demo.tamut.demo.TestFromAlumniToWomensPage@6bbe85a8]" started-at="2025-11-23T15:58:15 CST" name="testUpdateAlumniLink" finished-at="2025-11-23T15:58:15 CST" duration-ms="17" status="PASS">
          <reporter-output>
          </reporter-output>
        </test-method> <!-- testUpdateAlumniLink -->
        <test-method signature="testSearchWomen()[pri:4, instance:testing.demo.tamut.demo.TestFromAlumniToWomensPage@6bbe85a8]" started-at="2025-11-23T15:58:15 CST" name="testSearchWomen" finished-at="2025-11-23T15:58:15 CST" duration-ms="257" status="PASS">
          <reporter-output>
          </reporter-output>
        </test-method> <!-- testSearchWomen -->
        <test-method signature="testJoinWomenLink()[pri:5, instance:testing.demo.tamut.demo.TestFromAlumniToWomensPage@6bbe85a8]" started-at="2025-11-23T15:58:15 CST" name="testJoinWomenLink" finished-at="2025-11-23T15:58:15 CST" duration-ms="24" status="PASS">
          <reporter-output>
          </reporter-output>
        </test-method> <!-- testJoinWomenLink -->
        <test-method signature="testWomenforAMLink()[pri:6, instance:testing.demo.tamut.demo.TestFromAlumniToWomensPage@6bbe85a8]" started-at="2025-11-23T15:58:15 CST" name="testWomenforAMLink" finished-at="2025-11-23T15:58:15 CST" duration-ms="15" status="PASS">
          <reporter-output>
          </reporter-output>
        </test-method> <!-- testWomenforAMLink -->
        <test-method signature="testVisitUsTitle()[pri:7, instance:testing.demo.tamut.demo.TestFromAlumniToWomensPage@6bbe85a8]" started-at="2025-11-23T15:58:15 CST" name="testVisitUsTitle" finished-at="2025-11-23T15:58:15 CST" duration-ms="5" status="PASS">
          <reporter-output>
          </reporter-output>
        </test-method> <!-- testVisitUsTitle -->
        <test-method is-config="true" signature="tearDownClass()[pri:0, instance:testing.demo.tamut.demo.TestFromAlumniToWomensPage@6bbe85a8]" started-at="2025-11-23T15:58:15 CST" name="tearDownClass" finished-at="2025-11-23T15:58:16 CST" duration-ms="178" status="PASS">
          <reporter-output>
          </reporter-output>
        </test-method> <!-- tearDownClass -->
      </class> <!-- testing.demo.tamut.demo.TestFromAlumniToWomensPage -->
    </test> <!-- Alumni to Womens page -->
  </suite> <!-- Test Case 5 -->
</testng-results>
