<?xml version="1.0" encoding="UTF-8"?>
<!-- Generated by org.testng.reporters.JUnitXMLReporter -->
<testsuite ignored="0" hostname="DESKTOP-L3L49C0" failures="0" tests="3" name="Search for Women" time="3.919" errors="0" timestamp="2025-11-23T16:26:16 CST">
  <testcase classname="testing.demo.tamut.demo.WomensSearch" name="testSearchWomen" time="1.223"/>
  <testcase classname="testing.demo.tamut.demo.WomensSearch" name="testJoinWomenLink" time="0.04"/>
  <testcase classname="testing.demo.tamut.demo.WomensSearch" name="testWomenforAMLink" time="0.024"/>
</testsuite> <!-- Search for Women -->
