<?xml version="1.0" encoding="UTF-8"?>
<!-- Generated by org.testng.reporters.JUnitReportReporter -->
<testsuite hostname="DESKTOP-L3L49C0" failures="0" tests="7" name="testing.demo.tamut.demo.TestFromAlumniToWomensPage" time="0.424" errors="0" timestamp="2025-11-23T15:37:43 CST" skipped="0">
  <testcase classname="testing.demo.tamut.demo.TestFromAlumniToWomensPage" name="testOrderBrickLink" time="0.037"/>
  <testcase classname="testing.demo.tamut.demo.TestFromAlumniToWomensPage" name="testJoinAlumniLink" time="0.023"/>
  <testcase classname="testing.demo.tamut.demo.TestFromAlumniToWomensPage" name="testUpdateAlumniLink" time="0.019"/>
  <testcase classname="testing.demo.tamut.demo.TestFromAlumniToWomensPage" name="testSearchWomen" time="0.304"/>
  <testcase classname="testing.demo.tamut.demo.TestFromAlumniToWomensPage" name="testJoinWomenLink" time="0.023"/>
  <testcase classname="testing.demo.tamut.demo.TestFromAlumniToWomensPage" name="testWomenforAMLink" time="0.013"/>
  <testcase classname="testing.demo.tamut.demo.TestFromAlumniToWomensPage" name="testVisitUsTitle" time="0.005"/>
</testsuite> <!-- testing.demo.tamut.demo.TestFromAlumniToWomensPage -->
