<?xml version="1.0" encoding="UTF-8"?>
<!-- Generated by org.testng.reporters.JUnitReportReporter -->
<testsuite hostname="DESKTOP-L3L49C0" failures="0" tests="4" name="testing.demo.tamut.demo.TestVisitUsPage" time="0.102" errors="0" timestamp="2025-11-23T16:25:09 CST" skipped="0">
  <testcase classname="testing.demo.tamut.demo.TestVisitUsPage" name="testVisitUsScheduleATour" time="0.039"/>
  <testcase classname="testing.demo.tamut.demo.TestVisitUsPage" name="testVisitUsTitle" time="0.007"/>
  <testcase classname="testing.demo.tamut.demo.TestVisitUsPage" name="testVisitUsUpcomingEVents" time="0.026"/>
  <testcase classname="testing.demo.tamut.demo.TestVisitUsPage" name="testVisitUsVirtualTour" time="0.030"/>
</testsuite> <!-- testing.demo.tamut.demo.TestVisitUsPage -->
