<?xml version="1.0" encoding="UTF-8"?>
<!-- Generated by org.testng.reporters.JUnitReportReporter -->
<testsuite hostname="DESKTOP-L3L49C0" failures="0" tests="3" name="testing.demo.tamut.demo.WomensSearch" time="1.287" errors="0" timestamp="2025-11-23T16:26:16 CST" skipped="0">
  <testcase classname="testing.demo.tamut.demo.WomensSearch" name="testSearchWomen" time="1.223"/>
  <testcase classname="testing.demo.tamut.demo.WomensSearch" name="testJoinWomenLink" time="0.040"/>
  <testcase classname="testing.demo.tamut.demo.WomensSearch" name="testWomenforAMLink" time="0.024"/>
</testsuite> <!-- testing.demo.tamut.demo.WomensSearch -->
