<?xml version="1.0" encoding="UTF-8"?>
<!-- Generated by org.testng.reporters.JUnitReportReporter -->
<testsuite hostname="DESKTOP-L3L49C0" failures="0" tests="7" name="testing.demo.tamut.demo.TestFromAlumniToWomensPage" time="0.499" errors="0" timestamp="2025-11-23T16:26:29 CST" skipped="0">
  <testcase classname="testing.demo.tamut.demo.TestFromAlumniToWomensPage" name="testOrderBrickLink" time="0.043"/>
  <testcase classname="testing.demo.tamut.demo.TestFromAlumniToWomensPage" name="testJoinAlumniLink" time="0.030"/>
  <testcase classname="testing.demo.tamut.demo.TestFromAlumniToWomensPage" name="testUpdateAlumniLink" time="0.031"/>
  <testcase classname="testing.demo.tamut.demo.TestFromAlumniToWomensPage" name="testSearchWomen" time="0.340"/>
  <testcase classname="testing.demo.tamut.demo.TestFromAlumniToWomensPage" name="testJoinWomenLink" time="0.029"/>
  <testcase classname="testing.demo.tamut.demo.TestFromAlumniToWomensPage" name="testWomenforAMLink" time="0.017"/>
  <testcase classname="testing.demo.tamut.demo.TestFromAlumniToWomensPage" name="testVisitUsTitle" time="0.009"/>
</testsuite> <!-- testing.demo.tamut.demo.TestFromAlumniToWomensPage -->
