<?xml version="1.0" encoding="UTF-8"?>
<!-- Generated by org.testng.reporters.JUnitReportReporter -->
<testsuite hostname="DESKTOP-L3L49C0" failures="0" tests="12" name="testing.demo.tamut.demo.ComputerScienceFromMainPage" time="1.142" errors="0" timestamp="2025-11-23T14:59:44 CST" skipped="0">
  <testcase classname="testing.demo.tamut.demo.ComputerScienceFromMainPage" name="testUnderGradProgram" time="0.032"/>
  <testcase classname="testing.demo.tamut.demo.ComputerScienceFromMainPage" name="testGradProgram" time="0.022"/>
  <testcase classname="testing.demo.tamut.demo.ComputerScienceFromMainPage" name="testDoctorateProgram" time="0.024"/>
  <testcase classname="testing.demo.tamut.demo.ComputerScienceFromMainPage" name="testOnlineProgram" time="0.025"/>
  <testcase classname="testing.demo.tamut.demo.ComputerScienceFromMainPage" name="testAccreditation" time="0.333"/>
  <testcase classname="testing.demo.tamut.demo.ComputerScienceFromMainPage" name="testFaculty" time="0.020"/>
  <testcase classname="testing.demo.tamut.demo.ComputerScienceFromMainPage" name="testApplyHere" time="0.017"/>
  <testcase classname="testing.demo.tamut.demo.ComputerScienceFromMainPage" name="testVisitUs" time="0.606"/>
  <testcase classname="testing.demo.tamut.demo.ComputerScienceFromMainPage" name="testVisitUsUpcomingEVents" time="0.021"/>
  <testcase classname="testing.demo.tamut.demo.ComputerScienceFromMainPage" name="testVisitUsScheduleATour" time="0.020"/>
  <testcase classname="testing.demo.tamut.demo.ComputerScienceFromMainPage" name="testVisitUsVirtualTour" time="0.017"/>
  <testcase classname="testing.demo.tamut.demo.ComputerScienceFromMainPage" name="testVisitUsTitle" time="0.005"/>
</testsuite> <!-- testing.demo.tamut.demo.ComputerScienceFromMainPage -->
