<?xml version="1.0" encoding="UTF-8"?>
<!-- Generated by org.testng.reporters.JUnitReportReporter -->
<testsuite hostname="DESKTOP-L3L49C0" failures="0" tests="8" name="testing.demo.tamut.demo.ComputerScienceSearch" time="0.704" errors="0" timestamp="2025-11-23T15:57:23 CST" skipped="0">
  <testcase classname="testing.demo.tamut.demo.ComputerScienceSearch" name="testVisitUsScheduleATour" time="0.025"/>
  <testcase classname="testing.demo.tamut.demo.ComputerScienceSearch" name="testVisitUsUpcomingEVents" time="0.017"/>
  <testcase classname="testing.demo.tamut.demo.ComputerScienceSearch" name="testAccreditation" time="0.022"/>
  <testcase classname="testing.demo.tamut.demo.ComputerScienceSearch" name="testVisitUsVirtualTour" time="0.017"/>
  <testcase classname="testing.demo.tamut.demo.ComputerScienceSearch" name="testFaculty" time="0.025"/>
  <testcase classname="testing.demo.tamut.demo.ComputerScienceSearch" name="testVisitUsTitle" time="0.005"/>
  <testcase classname="testing.demo.tamut.demo.ComputerScienceSearch" name="testVisitUs" time="0.560"/>
  <testcase classname="testing.demo.tamut.demo.ComputerScienceSearch" name="testApplyHere" time="0.033"/>
</testsuite> <!-- testing.demo.tamut.demo.ComputerScienceSearch -->
